<?xml version="1.0" encoding="UTF-8"?>
<!-- Generated by org.testng.reporters.JUnitXMLReporter -->
<testsuite ignored="0" hostname="aziz-aouadi" failures="0" tests="10" name="Surefire test" time="45.745" errors="0" timestamp="2023-11-17T14:26:37 WEST">
  <testcase classname="test.HomePageTest" name="FilterAToZ" time="0.453"/>
  <testcase classname="test.HomePageTest" name="FilterFromHighToLow" time="0.748"/>
  <testcase classname="test.HomePageTest" name="FilterFromLowToHigh" time="0.462"/>
  <testcase classname="test.HomePageTest" name="FilterZToA" time="0.505"/>
  <testcase classname="test.HomePageTest" name="UIHomePage" time="0.276"/>
  <testcase classname="test.HomePageTest" name="userLogout" time="0.585"/>
  <testcase classname="test.LoginTest" name="EmptyFields" time="0.579"/>
  <testcase classname="test.LoginTest" name="FailTologin" time="0.738"/>
  <testcase classname="test.LoginTest" name="SuccesTologin" time="0.643"/>
  <testcase classname="test.LoginTest" name="UItest" time="0.258"/>
</testsuite> <!-- Surefire test -->
