<?xml version="1.0" encoding="UTF-8"?>
<!-- Generated by org.testng.reporters.JUnitXMLReporter -->
<testsuite ignored="0" hostname="aziz-aouadi" failures="0" tests="10" name="Surefire test" time="31.144" errors="0" timestamp="2023-11-16T16:00:43 WEST">
  <testcase classname="test.HomePageTest" name="FilterAToZ" time="0.254"/>
  <testcase classname="test.HomePageTest" name="FilterFromHighToLow" time="0.322"/>
  <testcase classname="test.HomePageTest" name="FilterFromLowToHigh" time="0.271"/>
  <testcase classname="test.HomePageTest" name="FilterZToA" time="0.518"/>
  <testcase classname="test.HomePageTest" name="UIHomePage" time="0.154"/>
  <testcase classname="test.HomePageTest" name="userLogout" time="1.119"/>
  <testcase classname="test.LoginTest" name="EmptyFields" time="0.345"/>
  <testcase classname="test.LoginTest" name="FailTologin" time="0.816"/>
  <testcase classname="test.LoginTest" name="SuccesTologin" time="0.463"/>
  <testcase classname="test.LoginTest" name="UItest" time="0.228"/>
</testsuite> <!-- Surefire test -->
