<?xml version="1.0" encoding="UTF-8"?>
<!-- Generated by org.testng.reporters.JUnitXMLReporter -->
<testsuite ignored="0" hostname="aziz-aouadi" failures="0" tests="3" name="Command line test" time="25.241" errors="0" timestamp="2023-11-15T11:39:24 WEST">
  <testcase classname="test.FirstTest" name="FailTologin" time="0.403"/>
  <testcase classname="test.FirstTest" name="SuccesTologin" time="0.344"/>
  <testcase classname="test.FirstTest" name="UItest" time="0.126"/>
</testsuite> <!-- Command line test -->
