<?xml version="1.0" encoding="UTF-8"?>
<!-- Generated by org.testng.reporters.JUnitXMLReporter -->
<testsuite ignored="0" hostname="aziz-aouadi" failures="0" tests="10" name="Command line test" time="37.054" errors="0" timestamp="2023-11-16T15:41:23 WEST">
  <testcase classname="test.HomePageTest" name="FilterAToZ" time="0.468"/>
  <testcase classname="test.HomePageTest" name="FilterFromHighToLow" time="0.311"/>
  <testcase classname="test.HomePageTest" name="FilterFromLowToHigh" time="0.506"/>
  <testcase classname="test.HomePageTest" name="FilterZToA" time="0.252"/>
  <testcase classname="test.HomePageTest" name="UIHomePage" time="0.246"/>
  <testcase classname="test.HomePageTest" name="userLogout" time="0.372"/>
  <testcase classname="test.LoginTest" name="EmptyFields" time="0.654"/>
  <testcase classname="test.LoginTest" name="FailTologin" time="0.396"/>
  <testcase classname="test.LoginTest" name="SuccesTologin" time="0.669"/>
  <testcase classname="test.LoginTest" name="UItest" time="0.138"/>
</testsuite> <!-- Command line test -->
